<!doctype html>
<html lang="en">
  <head>
    <meta charset="UTF-8" />
    <meta name="viewport" content="width=device-width, initial-scale=1.0" />
    <title>Renter-Oriented Crime Dashboard</title>
    <link href="https://unpkg.com/maplibre-gl@^4.5.0/dist/maplibre-gl.css" rel="stylesheet" />
    <style>
      html, body { height: 100%; margin: 0; }
      #map { position: absolute; inset: 0; }
      #legend {
        position: fixed; bottom: 12px; left: 12px; z-index: 10;
        background: rgba(255,255,255,0.9); padding: 8px 10px; border-radius: 6px;
        font: 12px/1.4 system-ui, -apple-system, Segoe UI, Roboto, Helvetica, Arial, sans-serif;
        box-shadow: 0 2px 8px rgba(0,0,0,0.15);
      }
      #legend .swatch { display: inline-block; width: 14px; height: 14px; margin-right: 6px; vertical-align: middle; }
      #legend .row { white-space: nowrap; }
      #tooltip {
        position: fixed; pointer-events: none; z-index: 20; display: none;
        background: rgba(0,0,0,0.8); color: #fff; padding: 6px 8px; border-radius: 4px; font-size: 12px;
        transform: translate(8px, -8px);
      }
    </style>
    <script type="module" crossorigin src="/assets/index-CYTeWcVr.js"></script>
    <link rel="stylesheet" crossorigin href="/assets/index-rqFrHuTF.css">
  </head>
  <body>
    <div id="map"></div>
    <div id="legend"></div>
